[debug] [2022-12-12T07:30:42.457Z] ----------------------------------------------------------------------
[debug] [2022-12-12T07:30:42.460Z] Command:       C:\Program Files\nodejs\node.exe C:\Program Files\nodejs\node_modules\firebase-tools\lib\bin\firebase.js init
[debug] [2022-12-12T07:30:42.461Z] CLI Version:   11.17.0
[debug] [2022-12-12T07:30:42.461Z] Platform:      win32
[debug] [2022-12-12T07:30:42.461Z] Node Version:  v16.15.0
[debug] [2022-12-12T07:30:42.462Z] Time:          Mon Dec 12 2022 13:00:42 GMT+0530 (India Standard Time)
[debug] [2022-12-12T07:30:42.462Z] ----------------------------------------------------------------------
[debug] 
[debug] [2022-12-12T07:30:42.469Z] > command requires scopes: ["email","openid","https://www.googleapis.com/auth/cloudplatformprojects.readonly","https://www.googleapis.com/auth/firebase","https://www.googleapis.com/auth/cloud-platform"]
[debug] [2022-12-12T07:30:42.470Z] > authorizing via signed-in user (rishithumati@gmail.com)
[info] 
     ######## #### ########  ######## ########     ###     ######  ########
     ##        ##  ##     ## ##       ##     ##  ##   ##  ##       ##
     ######    ##  ########  ######   ########  #########  ######  ######
     ##        ##  ##    ##  ##       ##     ## ##     ##       ## ##
     ##       #### ##     ## ######## ########  ##     ##  ######  ########

You're about to initialize a Firebase project in this directory:

  C:\rishi\angular training\udemy course\recipeAngular

Before we get started, keep in mind:

  * You are currently outside your home directory

[info] 
=== Project Setup
[info] 
[info] First, let's associate this project directory with a Firebase project.
[info] You can create multiple project aliases by running firebase use --add, 
[info] but for now we'll just set up a default project.
[info] 
[debug] [2022-12-12T07:32:14.490Z] >>> [apiv2][query] GET https://firebase.googleapis.com/v1beta1/projects pageSize=100
[debug] [2022-12-12T07:32:15.268Z] <<< [apiv2][status] GET https://firebase.googleapis.com/v1beta1/projects 200
[debug] [2022-12-12T07:32:15.268Z] <<< [apiv2][body] GET https://firebase.googleapis.com/v1beta1/projects [omitted]
[info] i  Using project angulartraining-recipe (angularTraining-recipe) 
[info] 
=== Hosting Setup
[info] 
[info] Your public directory is the folder (relative to your project directory) that
[info] will contain Hosting assets to be uploaded with firebase deploy. If you
[info] have a build process for your assets, use your build's output directory.
[info] 
